<?xml version="1.0" encoding="UTF-8"?>
<!-- Generated by org.testng.reporters.JUnitReportReporter -->
<testsuite hostname="DESKTOP-NM5QFP1" name="cookies.imagetest" tests="1" failures="0" timestamp="6 Sep 2018 13:04:34 GMT" time="7.467" errors="0">
  <testcase name="validateInvalidImages" time="7.467" classname="cookies.imagetest"/>
</testsuite> <!-- cookies.imagetest -->
